<?xml version="1.0" encoding="UTF-8"?>
<!-- Generated by org.testng.reporters.JUnitReportReporter -->
<testsuite hostname="CN00203209" name="com.ericsson.msran.test.grat.restartnode.RestartNodeTest" tests="1" failures="0" timestamp="7 Dec 2015 01:56:09 GMT" time="1.625" errors="1">
  <testcase name="restartNode" time="1.625" classname="com.ericsson.msran.test.grat.restartnode.RestartNodeTest">
    <error type="org.testng.SkipException" message="java.lang.RuntimeException: java.lang.NullPointerException">
      <![CDATA[org.testng.SkipException: java.lang.RuntimeException: java.lang.NullPointerException
	at com.ericsson.msran.jcat.ListenerHandler.beforeInvocation(ListenerHandler.java:306)
	at com.ericsson.msran.jcat.MsranTestNgListener.beforeInvocation(MsranTestNgListener.java:185)
	at org.testng.internal.invokers.InvokedMethodListenerInvoker$InvokeBeforeInvocationWithoutContextStrategy.callMethod(InvokedMethodListenerInvoker.java:84)
	at org.testng.internal.invokers.InvokedMethodListenerInvoker.invokeListener(InvokedMethodListenerInvoker.java:62)
	at org.testng.internal.Invoker.runInvokedMethodListeners(Invoker.java:552)
	at org.testng.internal.Invoker.invokeMethod(Invoker.java:617)
	at org.testng.internal.Invoker.invokeTestMethod(Invoker.java:821)
	at org.testng.internal.Invoker.invokeTestMethods(Invoker.java:1131)
	at org.testng.internal.TestMethodWorker.invokeTestMethods(TestMethodWorker.java:124)
	at org.testng.internal.TestMethodWorker.run(TestMethodWorker.java:108)
	at org.testng.TestRunner.privateRun(TestRunner.java:773)
	at org.testng.TestRunner.run(TestRunner.java:623)
	at org.testng.SuiteRunner.runTest(SuiteRunner.java:357)
	at org.testng.SuiteRunner.runSequentially(SuiteRunner.java:352)
	at org.testng.SuiteRunner.privateRun(SuiteRunner.java:310)
	at org.testng.SuiteRunner.run(SuiteRunner.java:259)
	at org.testng.SuiteRunnerWorker.runSuite(SuiteRunnerWorker.java:52)
	at org.testng.SuiteRunnerWorker.run(SuiteRunnerWorker.java:86)
	at org.testng.TestNG.runSuitesSequentially(TestNG.java:1185)
	at org.testng.TestNG.runSuitesLocally(TestNG.java:1110)
	at org.testng.TestNG.run(TestNG.java:1018)
	at org.testng.remote.RemoteTestNG.run(RemoteTestNG.java:111)
	at org.testng.remote.RemoteTestNG.initAndRun(RemoteTestNG.java:204)
	at org.testng.remote.RemoteTestNG.main(RemoteTestNG.java:175)
Caused by: java.lang.RuntimeException: java.lang.NullPointerException
	at se.ericsson.jcat.fw.fixture.testng.JcatNGTestListener.beforeInvocation(JcatNGTestListener.java:97)
	at com.ericsson.msran.jcat.ListenerHandler.beforeInvocation(ListenerHandler.java:300)
	... 23 more
Caused by: java.lang.NullPointerException
	at com.ericsson.msran.test.grat.testhelpers.TrxParamsForRu.getAssignedArfcn(TrxParamsForRu.java:158)
	at com.ericsson.msran.test.grat.testhelpers.TrxParamsForRu.<init>(TrxParamsForRu.java:43)
	at com.ericsson.msran.test.grat.testhelpers.MomHelper.<init>(MomHelper.java:197)
	at com.ericsson.msran.test.grat.testhelpers.CliCommands.<init>(CliCommands.java:36)
	at com.ericsson.msran.test.grat.restartnode.RestartNodeTest.setup(RestartNodeTest.java:57)
	at sun.reflect.NativeMethodAccessorImpl.invoke0(Native Method)
	at sun.reflect.NativeMethodAccessorImpl.invoke(NativeMethodAccessorImpl.java:62)
	at sun.reflect.DelegatingMethodAccessorImpl.invoke(DelegatingMethodAccessorImpl.java:43)
	at java.lang.reflect.Method.invoke(Method.java:497)
	at se.ericsson.jcat.fw.fixture.testng.JcatNGTestListener.beforeInvocation(JcatNGTestListener.java:82)
	... 24 more
]]>
    </error>
  </testcase> <!-- restartNode -->
</testsuite> <!-- com.ericsson.msran.test.grat.restartnode.RestartNodeTest -->
